# JRE version: OpenJDK Runtime Environment Microsoft-9889599 (17.0.12+7) (build 17.0.12+7-LTS)
# Java VM: OpenJDK 64-Bit Server VM Microsoft-9889599 (17.0.12+7-LTS, mixed mode, sharing, tiered, compressed oops, compressed class ptrs, g1 gc, windows-amd64)
GC Precious Log:
 CPUs: 8 total, 8 available
 Memory: 20389M
 Large Page Support: Disabled
 NUMA Support: Disabled
 Compressed Oops: Enabled (32-bit)
 Heap Region Size: 1M
 Heap Min Capacity: 8M
 Heap Initial Capacity: 320M
 Heap Max Capacity: 2G
 Pre-touch: Disabled
 Parallel Workers: 8
 Concurrent Workers: 2
 Concurrent Refinement Workers: 8
 Periodic GC: Disabled
Heap:
 garbage-first heap   total 233472K, used 128125K [0x0000000080000000, 0x0000000100000000)
  region size 1024K, 61 young (62464K), 3 survivors (3072K)
 Metaspace       used 73794K, committed 74496K, reserved 491520K
  class space    used 10401K, committed 10752K, reserved 425984K
GC Heap History (20 events):
Event: 37.054 GC heap before
{Heap before GC invocations=17 (full 0):
 garbage-first heap   total 89088K, used 69963K [0x0000000080000000, 0x0000000100000000)
  region size 1024K, 26 young (26624K), 3 survivors (3072K)
 Metaspace       used 60997K, committed 61632K, reserved 491520K
  class space    used 8541K, committed 8832K, reserved 425984K
}
Event: 37.060 GC heap after
{Heap after GC invocations=18 (full 0):
 garbage-first heap   total 89088K, used 48547K [0x0000000080000000, 0x0000000100000000)
  region size 1024K, 2 young (2048K), 2 survivors (2048K)
 Metaspace       used 60997K, committed 61632K, reserved 491520K
  class space    used 8541K, committed 8832K, reserved 425984K
}
Event: 38.033 GC heap before
{Heap before GC invocations=19 (full 0):
 garbage-first heap   total 92160K, used 83363K [0x0000000080000000, 0x0000000100000000)
  region size 1024K, 25 young (25600K), 2 survivors (2048K)
 Metaspace       used 63267K, committed 63936K, reserved 491520K
  class space    used 8869K, committed 9152K, reserved 425984K
}
Event: 38.037 GC heap after
{Heap after GC invocations=20 (full 0):
 garbage-first heap   total 92160K, used 63225K [0x0000000080000000, 0x0000000100000000)
  region size 1024K, 4 young (4096K), 4 survivors (4096K)
 Metaspace       used 63267K, committed 63936K, reserved 491520K
  class space    used 8869K, committed 9152K, reserved 425984K
}
Event: 38.062 GC heap before
{Heap before GC invocations=20 (full 0):
 garbage-first heap   total 92160K, used 64249K [0x0000000080000000, 0x0000000100000000)
  region size 1024K, 5 young (5120K), 4 survivors (4096K)
 Metaspace       used 63346K, committed 64064K, reserved 491520K
  class space    used 8879K, committed 9216K, reserved 425984K
}
Event: 38.066 GC heap after
{Heap after GC invocations=21 (full 0):
 garbage-first heap   total 92160K, used 62848K [0x0000000080000000, 0x0000000100000000)
  region size 1024K, 1 young (1024K), 1 survivors (1024K)
 Metaspace       used 63346K, committed 64064K, reserved 491520K
  class space    used 8879K, committed 9216K, reserved 425984K
}
Event: 38.396 GC heap before
{Heap before GC invocations=21 (full 0):
 garbage-first heap   total 92160K, used 76160K [0x0000000080000000, 0x0000000100000000)
  region size 1024K, 14 young (14336K), 1 survivors (1024K)
 Metaspace       used 64341K, committed 65024K, reserved 491520K
  class space    used 9006K, committed 9344K, reserved 425984K
}
Event: 38.399 GC heap after
{Heap after GC invocations=22 (full 0):
 garbage-first heap   total 92160K, used 63377K [0x0000000080000000, 0x0000000100000000)
  region size 1024K, 1 young (1024K), 1 survivors (1024K)
 Metaspace       used 64341K, committed 65024K, reserved 491520K
  class space    used 9006K, committed 9344K, reserved 425984K
}
Event: 38.900 GC heap before
{Heap before GC invocations=23 (full 0):
 garbage-first heap   total 111616K, used 77713K [0x0000000080000000, 0x0000000100000000)
  region size 1024K, 15 young (15360K), 1 survivors (1024K)
 Metaspace       used 65448K, committed 66112K, reserved 491520K
  class space    used 9142K, committed 9472K, reserved 425984K
}
Event: 38.905 GC heap after
{Heap after GC invocations=24 (full 0):
 garbage-first heap   total 111616K, used 64610K [0x0000000080000000, 0x0000000100000000)
  region size 1024K, 2 young (2048K), 2 survivors (2048K)
 Metaspace       used 65448K, committed 66112K, reserved 491520K
  class space    used 9142K, committed 9472K, reserved 425984K
}
Event: 39.114 GC heap before
{Heap before GC invocations=24 (full 0):
 garbage-first heap   total 111616K, used 67682K [0x0000000080000000, 0x0000000100000000)
  region size 1024K, 5 young (5120K), 2 survivors (2048K)
 Metaspace       used 65671K, committed 66368K, reserved 491520K
  class space    used 9179K, committed 9536K, reserved 425984K
}
Event: 39.122 GC heap after
{Heap after GC invocations=25 (full 0):
 garbage-first heap   total 111616K, used 64902K [0x0000000080000000, 0x0000000100000000)
  region size 1024K, 1 young (1024K), 1 survivors (1024K)
 Metaspace       used 65671K, committed 66368K, reserved 491520K
  class space    used 9179K, committed 9536K, reserved 425984K
}
Event: 39.796 GC heap before
{Heap before GC invocations=25 (full 0):
 garbage-first heap   total 111616K, used 91526K [0x0000000080000000, 0x0000000100000000)
  region size 1024K, 27 young (27648K), 1 survivors (1024K)
 Metaspace       used 67180K, committed 67840K, reserved 491520K
  class space    used 9392K, committed 9728K, reserved 425984K
}
Event: 39.800 GC heap after
{Heap after GC invocations=26 (full 0):
 garbage-first heap   total 111616K, used 65704K [0x0000000080000000, 0x0000000100000000)
  region size 1024K, 2 young (2048K), 2 survivors (2048K)
 Metaspace       used 67180K, committed 67840K, reserved 491520K
  class space    used 9392K, committed 9728K, reserved 425984K
}
Event: 40.733 GC heap before
{Heap before GC invocations=27 (full 0):
 garbage-first heap   total 116736K, used 91304K [0x0000000080000000, 0x0000000100000000)
  region size 1024K, 27 young (27648K), 2 survivors (2048K)
 Metaspace       used 68152K, committed 68800K, reserved 491520K
  class space    used 9519K, committed 9856K, reserved 425984K
}
Event: 40.738 GC heap after
{Heap after GC invocations=28 (full 0):
 garbage-first heap   total 116736K, used 68281K [0x0000000080000000, 0x0000000100000000)
  region size 1024K, 4 young (4096K), 4 survivors (4096K)
 Metaspace       used 68152K, committed 68800K, reserved 491520K
  class space    used 9519K, committed 9856K, reserved 425984K
}
Event: 40.764 GC heap before
{Heap before GC invocations=28 (full 0):
 garbage-first heap   total 116736K, used 69305K [0x0000000080000000, 0x0000000100000000)
  region size 1024K, 5 young (5120K), 4 survivors (4096K)
 Metaspace       used 68159K, committed 68800K, reserved 491520K
  class space    used 9519K, committed 9856K, reserved 425984K
}
Event: 40.770 GC heap after
{Heap after GC invocations=29 (full 0):
 garbage-first heap   total 116736K, used 68315K [0x0000000080000000, 0x0000000100000000)
  region size 1024K, 1 young (1024K), 1 survivors (1024K)
 Metaspace       used 68159K, committed 68800K, reserved 491520K
  class space    used 9519K, committed 9856K, reserved 425984K
}
Event: 42.715 GC heap before
{Heap before GC invocations=29 (full 0):
 garbage-first heap   total 116736K, used 94939K [0x0000000080000000, 0x0000000100000000)
  region size 1024K, 27 young (27648K), 1 survivors (1024K)
 Metaspace       used 69404K, committed 70144K, reserved 491520K
  class space    used 9686K, committed 10048K, reserved 425984K
}
Event: 42.723 GC heap after
{Heap after GC invocations=30 (full 0):
 garbage-first heap   total 233472K, used 70781K [0x0000000080000000, 0x0000000100000000)
  region size 1024K, 3 young (3072K), 3 survivors (3072K)
 Metaspace       used 69404K, committed 70144K, reserved 491520K
  class space    used 9686K, committed 10048K, reserved 425984K
}

